Start testing: Mar 26 14:46 EDT
----------------------------------------------------------
1/1 Testing: ChatServiceTests
1/1 Test: ChatServiceTests
Command: "/home/jesse/CS2620/DE4/test_chat"
Directory: /home/jesse/CS2620/DE4
"ChatServiceTests" start time: Mar 26 14:46 EDT
Output:
----------------------------------------------------------
[==========] Running 4 tests from 1 test suite.
[----------] Global test environment set-up.
[----------] 4 tests from ChatServiceTest
[ RUN      ] ChatServiceTest.RegisterAndLogin
[       OK ] ChatServiceTest.RegisterAndLogin (0 ms)
[ RUN      ] ChatServiceTest.SendMessageAndRetrieve
[       OK ] ChatServiceTest.SendMessageAndRetrieve (0 ms)
[ RUN      ] ChatServiceTest.DeleteMessage
[       OK ] ChatServiceTest.DeleteMessage (0 ms)
[ RUN      ] ChatServiceTest.SearchUsers
[       OK ] ChatServiceTest.SearchUsers (0 ms)
[----------] 4 tests from ChatServiceTest (0 ms total)

[----------] Global test environment tear-down
[==========] 4 tests from 1 test suite ran. (0 ms total)
[  PASSED  ] 4 tests.
<end of output>
Test time =   0.27 sec
----------------------------------------------------------
Test Passed.
"ChatServiceTests" end time: Mar 26 14:46 EDT
"ChatServiceTests" time elapsed: 00:00:00
----------------------------------------------------------

End testing: Mar 26 14:46 EDT
